[0m14:46:21.454275 [debug] [MainThread]: Sending event: {'category': 'dbt', 'action': 'invocation', 'label': 'start', 'context': [<snowplow_tracker.self_describing_json.SelfDescribingJson object at 0x7f73cd1a7610>, <snowplow_tracker.self_describing_json.SelfDescribingJson object at 0x7f73cd13b0a0>, <snowplow_tracker.self_describing_json.SelfDescribingJson object at 0x7f73cca5d480>]}


============================== 14:46:21.460827 | 15997600-e4ad-422b-a989-a8e77b04e85b ==============================
[0m14:46:21.460827 [info ] [MainThread]: Running with dbt=1.9.1
[0m14:46:21.462450 [debug] [MainThread]: running dbt with arguments {'printer_width': '80', 'indirect_selection': 'eager', 'write_json': 'True', 'log_cache_events': 'False', 'partial_parse': 'True', 'cache_selected_only': 'False', 'warn_error': 'None', 'version_check': 'True', 'debug': 'False', 'log_path': 'logs', 'profiles_dir': '/root/.dbt', 'fail_fast': 'False', 'use_colors': 'True', 'use_experimental_parser': 'False', 'no_print': 'None', 'quiet': 'False', 'empty': 'None', 'log_format': 'default', 'invocation_command': 'dbt init', 'static_parser': 'True', 'introspect': 'True', 'target_path': 'None', 'warn_error_options': 'WarnErrorOptions(include=[], exclude=[])', 'send_anonymous_usage_stats': 'True'}
[0m14:46:21.479506 [warn ] [MainThread]: [ConfigFolderDirectory]: Unable to parse logging event dictionary. Failed to parse dir field: expected string or bytes-like object.. Dictionary: {'dir': PosixPath('/root/.dbt')}
[0m14:46:21.480452 [info ] [MainThread]: Creating dbt configuration folder at 
[0m14:46:49.553747 [debug] [MainThread]: Starter project path: /root/.pyenv/versions/3.10.6/envs/home-exchange/lib/python3.10/site-packages/dbt/include/starter_project
[0m14:46:49.560558 [info ] [MainThread]: 
Your new dbt project "home_exchange" was created!

For more information on how to configure the profiles.yml file,
please consult the dbt documentation here:

  https://docs.getdbt.com/docs/configure-your-profile

One more thing:

Need help? Don't hesitate to reach out to us via GitHub issues or on Slack:

  https://community.getdbt.com/

Happy modeling!

[0m14:46:49.561551 [info ] [MainThread]: Setting up your profile.
[0m14:52:12.256461 [info ] [MainThread]: Profile home_exchange written to /root/.dbt/profiles.yml using target's profile_template.yml and your supplied values. Run 'dbt debug' to validate the connection.
[0m14:52:12.260246 [debug] [MainThread]: Resource report: {"command_name": "init", "command_success": true, "command_wall_clock_time": 351.01547, "process_in_blocks": "16", "process_kernel_time": 0.292101, "process_mem_max_rss": "200788", "process_out_blocks": "80", "process_user_time": 4.623259}
[0m14:52:12.262546 [debug] [MainThread]: Command `dbt init` succeeded at 14:52:12.261577 after 351.02 seconds
[0m14:52:12.264441 [debug] [MainThread]: Sending event: {'category': 'dbt', 'action': 'invocation', 'label': 'end', 'context': [<snowplow_tracker.self_describing_json.SelfDescribingJson object at 0x7f73cd1a7610>, <snowplow_tracker.self_describing_json.SelfDescribingJson object at 0x7f73ce0c9f00>, <snowplow_tracker.self_describing_json.SelfDescribingJson object at 0x7f73cc233070>]}
[0m14:52:12.265944 [debug] [MainThread]: Flushing usage events
[0m14:52:12.847208 [debug] [MainThread]: An error was encountered while trying to flush usage events
[0m14:55:05.494343 [debug] [MainThread]: Sending event: {'category': 'dbt', 'action': 'invocation', 'label': 'start', 'context': [<snowplow_tracker.self_describing_json.SelfDescribingJson object at 0x7f6010af7610>, <snowplow_tracker.self_describing_json.SelfDescribingJson object at 0x7f6010a892a0>, <snowplow_tracker.self_describing_json.SelfDescribingJson object at 0x7f60103ad480>]}


============================== 14:55:05.510173 | 42bbe0f9-b86c-4037-9058-bcf57c43c455 ==============================
[0m14:55:05.510173 [info ] [MainThread]: Running with dbt=1.9.1
[0m14:55:05.514625 [debug] [MainThread]: running dbt with arguments {'printer_width': '80', 'indirect_selection': 'eager', 'log_cache_events': 'False', 'write_json': 'True', 'partial_parse': 'True', 'cache_selected_only': 'False', 'warn_error': 'None', 'debug': 'False', 'profiles_dir': '/root/.dbt', 'log_path': 'logs', 'fail_fast': 'False', 'version_check': 'True', 'use_colors': 'True', 'use_experimental_parser': 'False', 'empty': 'None', 'quiet': 'False', 'no_print': 'None', 'log_format': 'default', 'introspect': 'True', 'invocation_command': 'dbt debug', 'warn_error_options': 'WarnErrorOptions(include=[], exclude=[])', 'target_path': 'None', 'static_parser': 'True', 'send_anonymous_usage_stats': 'True'}
[0m14:55:05.541152 [info ] [MainThread]: dbt version: 1.9.1
[0m14:55:05.542891 [info ] [MainThread]: python version: 3.10.6
[0m14:55:05.546263 [info ] [MainThread]: python path: /root/.pyenv/versions/3.10.6/envs/home-exchange/bin/python
[0m14:55:05.558276 [info ] [MainThread]: os info: Linux-5.10.16.3-microsoft-standard-WSL2-x86_64-with-glibc2.39
[0m14:55:08.202958 [info ] [MainThread]: Using profiles dir at /root/.dbt
[0m14:55:08.206602 [info ] [MainThread]: Using profiles.yml file at /root/.dbt/profiles.yml
[0m14:55:08.210716 [info ] [MainThread]: Using dbt_project.yml file at /root/home_exchange/dbt_project.yml
[0m14:55:08.213385 [info ] [MainThread]: adapter type: bigquery
[0m14:55:08.215415 [info ] [MainThread]: adapter version: 1.9.1
[0m14:55:08.216930 [info ] [MainThread]: Configuration:
[0m14:55:08.219297 [info ] [MainThread]:   profiles.yml file [[32mOK found and valid[0m]
[0m14:55:08.221118 [info ] [MainThread]:   dbt_project.yml file [[31mERROR not found[0m]
[0m14:55:08.222658 [info ] [MainThread]: Required dependencies:
[0m14:55:08.224255 [debug] [MainThread]: Executing "git --help"
[0m14:55:08.235156 [debug] [MainThread]: STDOUT: "b"usage: git [-v | --version] [-h | --help] [-C <path>] [-c <name>=<value>]\n           [--exec-path[=<path>]] [--html-path] [--man-path] [--info-path]\n           [-p | --paginate | -P | --no-pager] [--no-replace-objects] [--bare]\n           [--git-dir=<path>] [--work-tree=<path>] [--namespace=<name>]\n           [--config-env=<name>=<envvar>] <command> [<args>]\n\nThese are common Git commands used in various situations:\n\nstart a working area (see also: git help tutorial)\n   clone     Clone a repository into a new directory\n   init      Create an empty Git repository or reinitialize an existing one\n\nwork on the current change (see also: git help everyday)\n   add       Add file contents to the index\n   mv        Move or rename a file, a directory, or a symlink\n   restore   Restore working tree files\n   rm        Remove files from the working tree and from the index\n\nexamine the history and state (see also: git help revisions)\n   bisect    Use binary search to find the commit that introduced a bug\n   diff      Show changes between commits, commit and working tree, etc\n   grep      Print lines matching a pattern\n   log       Show commit logs\n   show      Show various types of objects\n   status    Show the working tree status\n\ngrow, mark and tweak your common history\n   branch    List, create, or delete branches\n   commit    Record changes to the repository\n   merge     Join two or more development histories together\n   rebase    Reapply commits on top of another base tip\n   reset     Reset current HEAD to the specified state\n   switch    Switch branches\n   tag       Create, list, delete or verify a tag object signed with GPG\n\ncollaborate (see also: git help workflows)\n   fetch     Download objects and refs from another repository\n   pull      Fetch from and integrate with another repository or a local branch\n   push      Update remote refs along with associated objects\n\n'git help -a' and 'git help -g' list available subcommands and some\nconcept guides. See 'git help <command>' or 'git help <concept>'\nto read about a specific subcommand or concept.\nSee 'git help git' for an overview of the system.\n""
[0m14:55:08.237575 [debug] [MainThread]: STDERR: "b''"
[0m14:55:08.239198 [info ] [MainThread]:  - git [[32mOK found[0m]

[0m14:55:08.240926 [info ] [MainThread]: Connection:
[0m14:55:08.242371 [info ] [MainThread]:   method: service-account
[0m14:55:08.243945 [info ] [MainThread]:   database: mywagon-445720
[0m14:55:08.256165 [info ] [MainThread]:   execution_project: mywagon-445720
[0m14:55:08.257883 [info ] [MainThread]:   schema: home_exchange
[0m14:55:08.259995 [info ] [MainThread]:   location: EU
[0m14:55:08.261481 [info ] [MainThread]:   priority: interactive
[0m14:55:08.262873 [info ] [MainThread]:   maximum_bytes_billed: None
[0m14:55:08.264921 [info ] [MainThread]:   impersonate_service_account: None
[0m14:55:08.274246 [info ] [MainThread]:   job_retry_deadline_seconds: None
[0m14:55:08.277536 [info ] [MainThread]:   job_retries: 1
[0m14:55:08.279386 [info ] [MainThread]:   job_creation_timeout_seconds: None
[0m14:55:08.281388 [info ] [MainThread]:   job_execution_timeout_seconds: 300
[0m14:55:08.283001 [info ] [MainThread]:   timeout_seconds: 300
[0m14:55:08.284500 [info ] [MainThread]:   client_id: None
[0m14:55:08.286584 [info ] [MainThread]:   token_uri: None
[0m14:55:08.296028 [info ] [MainThread]:   dataproc_region: None
[0m14:55:08.298146 [info ] [MainThread]:   dataproc_cluster_name: None
[0m14:55:08.301901 [info ] [MainThread]:   gcs_bucket: None
[0m14:55:08.307447 [info ] [MainThread]:   dataproc_batch: None
[0m14:55:08.312030 [info ] [MainThread]: Registered adapter: bigquery=1.9.1
[0m14:55:09.006877 [debug] [MainThread]: Acquiring new bigquery connection 'debug'
[0m14:55:09.008462 [debug] [MainThread]: On debug: select 1 as id
[0m14:55:09.010480 [debug] [MainThread]: Opening a new connection, currently in state init
[0m14:55:09.014735 [debug] [MainThread]: BigQuery adapter: Got an error when attempting to create a bigquery " "client: '[Errno 2] No such file or directory: './keyfile.json''
[0m14:55:09.016478 [debug] [MainThread]: BigQuery adapter: Unhandled error while running:
select 1 as id
[0m14:55:09.018080 [debug] [MainThread]: BigQuery adapter: Database Error
  [Errno 2] No such file or directory: './keyfile.json'
[0m14:55:09.020326 [info ] [MainThread]:   Connection test: [[31mERROR[0m]

[0m14:55:09.021927 [info ] [MainThread]: [31m2 checks failed:[0m
[0m14:55:09.023387 [info ] [MainThread]: Project loading failed for the following reason:
 project path </root/home_exchange/dbt_project.yml> not found

[0m14:55:09.025427 [info ] [MainThread]: dbt was unable to connect to the specified database.
The database returned the following error:

  >'NoneType' object has no attribute 'close'

Check your database credentials and try again. For more information, visit:
https://docs.getdbt.com/docs/configure-your-profile


[0m14:55:09.035741 [debug] [MainThread]: Resource report: {"command_name": "debug", "command_success": false, "command_wall_clock_time": 3.8441885, "process_in_blocks": "0", "process_kernel_time": 0.799126, "process_mem_max_rss": "201904", "process_out_blocks": "32", "process_user_time": 10.178352}
[0m14:55:09.037182 [debug] [MainThread]: Command `dbt debug` failed at 14:55:09.036849 after 3.85 seconds
[0m14:55:09.039092 [debug] [MainThread]: Sending event: {'category': 'dbt', 'action': 'invocation', 'label': 'end', 'context': [<snowplow_tracker.self_describing_json.SelfDescribingJson object at 0x7f6010af7610>, <snowplow_tracker.self_describing_json.SelfDescribingJson object at 0x7f5ff6047580>, <snowplow_tracker.self_describing_json.SelfDescribingJson object at 0x7f5ff6047610>]}
[0m14:55:09.040643 [debug] [MainThread]: Flushing usage events
[0m14:55:11.397127 [debug] [MainThread]: An error was encountered while trying to flush usage events
[0m14:55:34.024332 [debug] [MainThread]: Sending event: {'category': 'dbt', 'action': 'invocation', 'label': 'start', 'context': [<snowplow_tracker.self_describing_json.SelfDescribingJson object at 0x7f5c2b28b5e0>, <snowplow_tracker.self_describing_json.SelfDescribingJson object at 0x7f5c2c1af4c0>, <snowplow_tracker.self_describing_json.SelfDescribingJson object at 0x7f5c2c1aece0>]}


============================== 14:55:34.032240 | 40339583-66b4-4094-b1c9-d7a8392d1510 ==============================
[0m14:55:34.032240 [info ] [MainThread]: Running with dbt=1.9.1
[0m14:55:34.034461 [debug] [MainThread]: running dbt with arguments {'printer_width': '80', 'indirect_selection': 'eager', 'log_cache_events': 'False', 'write_json': 'True', 'partial_parse': 'True', 'cache_selected_only': 'False', 'profiles_dir': '/root/.dbt', 'version_check': 'True', 'fail_fast': 'False', 'log_path': 'logs', 'warn_error': 'None', 'debug': 'False', 'use_colors': 'True', 'use_experimental_parser': 'False', 'no_print': 'None', 'quiet': 'False', 'empty': 'None', 'warn_error_options': 'WarnErrorOptions(include=[], exclude=[])', 'introspect': 'True', 'invocation_command': 'dbt debug', 'static_parser': 'True', 'target_path': 'None', 'log_format': 'default', 'send_anonymous_usage_stats': 'True'}
[0m14:55:34.060355 [info ] [MainThread]: dbt version: 1.9.1
[0m14:55:34.061450 [info ] [MainThread]: python version: 3.10.6
[0m14:55:34.063078 [info ] [MainThread]: python path: /root/.pyenv/versions/3.10.6/envs/home-exchange/bin/python
[0m14:55:34.065063 [info ] [MainThread]: os info: Linux-5.10.16.3-microsoft-standard-WSL2-x86_64-with-glibc2.39
[0m14:55:37.543662 [info ] [MainThread]: Using profiles dir at /root/.dbt
[0m14:55:37.545045 [info ] [MainThread]: Using profiles.yml file at /root/.dbt/profiles.yml
[0m14:55:37.547080 [info ] [MainThread]: Using dbt_project.yml file at /root/home_exchange/dbt_project.yml
[0m14:55:37.556118 [info ] [MainThread]: adapter type: bigquery
[0m14:55:37.557854 [info ] [MainThread]: adapter version: 1.9.1
[0m14:55:37.559494 [info ] [MainThread]: Configuration:
[0m14:55:37.560843 [info ] [MainThread]:   profiles.yml file [[32mOK found and valid[0m]
[0m14:55:37.562231 [info ] [MainThread]:   dbt_project.yml file [[31mERROR not found[0m]
[0m14:55:37.563587 [info ] [MainThread]: Required dependencies:
[0m14:55:37.564995 [debug] [MainThread]: Executing "git --help"
[0m14:55:37.572062 [debug] [MainThread]: STDOUT: "b"usage: git [-v | --version] [-h | --help] [-C <path>] [-c <name>=<value>]\n           [--exec-path[=<path>]] [--html-path] [--man-path] [--info-path]\n           [-p | --paginate | -P | --no-pager] [--no-replace-objects] [--bare]\n           [--git-dir=<path>] [--work-tree=<path>] [--namespace=<name>]\n           [--config-env=<name>=<envvar>] <command> [<args>]\n\nThese are common Git commands used in various situations:\n\nstart a working area (see also: git help tutorial)\n   clone     Clone a repository into a new directory\n   init      Create an empty Git repository or reinitialize an existing one\n\nwork on the current change (see also: git help everyday)\n   add       Add file contents to the index\n   mv        Move or rename a file, a directory, or a symlink\n   restore   Restore working tree files\n   rm        Remove files from the working tree and from the index\n\nexamine the history and state (see also: git help revisions)\n   bisect    Use binary search to find the commit that introduced a bug\n   diff      Show changes between commits, commit and working tree, etc\n   grep      Print lines matching a pattern\n   log       Show commit logs\n   show      Show various types of objects\n   status    Show the working tree status\n\ngrow, mark and tweak your common history\n   branch    List, create, or delete branches\n   commit    Record changes to the repository\n   merge     Join two or more development histories together\n   rebase    Reapply commits on top of another base tip\n   reset     Reset current HEAD to the specified state\n   switch    Switch branches\n   tag       Create, list, delete or verify a tag object signed with GPG\n\ncollaborate (see also: git help workflows)\n   fetch     Download objects and refs from another repository\n   pull      Fetch from and integrate with another repository or a local branch\n   push      Update remote refs along with associated objects\n\n'git help -a' and 'git help -g' list available subcommands and some\nconcept guides. See 'git help <command>' or 'git help <concept>'\nto read about a specific subcommand or concept.\nSee 'git help git' for an overview of the system.\n""
[0m14:55:37.573330 [debug] [MainThread]: STDERR: "b''"
[0m14:55:37.574296 [info ] [MainThread]:  - git [[32mOK found[0m]

[0m14:55:37.575465 [info ] [MainThread]: Connection:
[0m14:55:37.576672 [info ] [MainThread]:   method: service-account
[0m14:55:37.577839 [info ] [MainThread]:   database: mywagon-445720
[0m14:55:37.579098 [info ] [MainThread]:   execution_project: mywagon-445720
[0m14:55:37.580404 [info ] [MainThread]:   schema: home_exchange
[0m14:55:37.581757 [info ] [MainThread]:   location: EU
[0m14:55:37.583600 [info ] [MainThread]:   priority: interactive
[0m14:55:37.592931 [info ] [MainThread]:   maximum_bytes_billed: None
[0m14:55:37.595277 [info ] [MainThread]:   impersonate_service_account: None
[0m14:55:37.596426 [info ] [MainThread]:   job_retry_deadline_seconds: None
[0m14:55:37.598890 [info ] [MainThread]:   job_retries: 1
[0m14:55:37.601128 [info ] [MainThread]:   job_creation_timeout_seconds: None
[0m14:55:37.602503 [info ] [MainThread]:   job_execution_timeout_seconds: 300
[0m14:55:37.603849 [info ] [MainThread]:   timeout_seconds: 300
[0m14:55:37.605702 [info ] [MainThread]:   client_id: None
[0m14:55:37.607122 [info ] [MainThread]:   token_uri: None
[0m14:55:37.609426 [info ] [MainThread]:   dataproc_region: None
[0m14:55:37.610590 [info ] [MainThread]:   dataproc_cluster_name: None
[0m14:55:37.611779 [info ] [MainThread]:   gcs_bucket: None
[0m14:55:37.613088 [info ] [MainThread]:   dataproc_batch: None
[0m14:55:37.615243 [info ] [MainThread]: Registered adapter: bigquery=1.9.1
[0m14:55:38.218442 [debug] [MainThread]: Acquiring new bigquery connection 'debug'
[0m14:55:38.220300 [debug] [MainThread]: On debug: select 1 as id
[0m14:55:38.221707 [debug] [MainThread]: Opening a new connection, currently in state init
[0m14:55:38.223111 [debug] [MainThread]: BigQuery adapter: Got an error when attempting to create a bigquery " "client: '[Errno 2] No such file or directory: './keyfile.json''
[0m14:55:38.224340 [debug] [MainThread]: BigQuery adapter: Unhandled error while running:
select 1 as id
[0m14:55:38.225442 [debug] [MainThread]: BigQuery adapter: Database Error
  [Errno 2] No such file or directory: './keyfile.json'
[0m14:55:38.226526 [info ] [MainThread]:   Connection test: [[31mERROR[0m]

[0m14:55:38.232421 [info ] [MainThread]: [31m2 checks failed:[0m
[0m14:55:38.234482 [info ] [MainThread]: Project loading failed for the following reason:
 project path </root/home_exchange/dbt_project.yml> not found

[0m14:55:38.235844 [info ] [MainThread]: dbt was unable to connect to the specified database.
The database returned the following error:

  >'NoneType' object has no attribute 'close'

Check your database credentials and try again. For more information, visit:
https://docs.getdbt.com/docs/configure-your-profile


[0m14:55:38.238306 [debug] [MainThread]: Resource report: {"command_name": "debug", "command_success": false, "command_wall_clock_time": 4.3915973, "process_in_blocks": "0", "process_kernel_time": 0.527273, "process_mem_max_rss": "202112", "process_out_blocks": "24", "process_user_time": 8.342638}
[0m14:55:38.240389 [debug] [MainThread]: Command `dbt debug` failed at 14:55:38.240056 after 4.39 seconds
[0m14:55:38.241545 [debug] [MainThread]: Sending event: {'category': 'dbt', 'action': 'invocation', 'label': 'end', 'context': [<snowplow_tracker.self_describing_json.SelfDescribingJson object at 0x7f5c2b28b5e0>, <snowplow_tracker.self_describing_json.SelfDescribingJson object at 0x7f5c147e7dc0>, <snowplow_tracker.self_describing_json.SelfDescribingJson object at 0x7f5c147e7d30>]}
[0m14:55:38.242716 [debug] [MainThread]: Flushing usage events
[0m14:55:39.674384 [debug] [MainThread]: An error was encountered while trying to flush usage events
